[32mINFO[0m:     [28-09-2024 00:06:10] Set chroma_server_nofile to 65535
[32mINFO[0m:     [28-09-2024 00:06:10] Anonymized telemetry enabled. See                     https://docs.trychroma.com/telemetry for more information.
[36mDEBUG[0m:    [28-09-2024 00:06:10] Starting component System
[36mDEBUG[0m:    [28-09-2024 00:06:10] Starting component OpenTelemetryClient
[36mDEBUG[0m:    [28-09-2024 00:06:10] Starting component SqliteDB
[36mDEBUG[0m:    [28-09-2024 00:06:10] Starting component QuotaEnforcer
[36mDEBUG[0m:    [28-09-2024 00:06:10] Starting component Posthog
[36mDEBUG[0m:    [28-09-2024 00:06:10] Starting component LocalSegmentManager
[36mDEBUG[0m:    [28-09-2024 00:06:10] Starting component SegmentAPI
[32mINFO[0m:     [28-09-2024 00:06:10] Started server process [[36m183500[0m]
[32mINFO[0m:     [28-09-2024 00:06:10] Waiting for application startup.
[32mINFO[0m:     [28-09-2024 00:06:10] Application startup complete.
[32mINFO[0m:     [28-09-2024 00:06:10] Uvicorn running on [1mhttp://localhost:8000[0m (Press CTRL+C to quit)
[32mINFO[0m:     [28-09-2024 00:07:18] Shutting down
[32mINFO[0m:     [28-09-2024 00:07:18] Finished server process [[36m183500[0m]
[36mDEBUG[0m:    [28-09-2024 00:07:18] Stopping component System
[36mDEBUG[0m:    [28-09-2024 00:07:18] Stopping component SegmentAPI
[36mDEBUG[0m:    [28-09-2024 00:07:18] Stopping component LocalSegmentManager
[36mDEBUG[0m:    [28-09-2024 00:07:18] Stopping component Posthog
[36mDEBUG[0m:    [28-09-2024 00:07:18] Stopping component QuotaEnforcer
[36mDEBUG[0m:    [28-09-2024 00:07:18] Stopping component SqliteDB
[36mDEBUG[0m:    [28-09-2024 00:07:18] Stopping component OpenTelemetryClient
[31mERROR[0m:    [28-09-2024 00:07:18] Traceback (most recent call last):
  File "/home/asd/.pyenv/versions/3.11.9/lib/python3.11/asyncio/runners.py", line 190, in run
    return runner.run(main)
           ^^^^^^^^^^^^^^^^
  File "/home/asd/.pyenv/versions/3.11.9/lib/python3.11/asyncio/runners.py", line 118, in run
    return self._loop.run_until_complete(task)
           ^^^^^^^^^^^^^^^^^^^^^^^^^^^^^^^^^^^
  File "uvloop/loop.pyx", line 1511, in uvloop.loop.Loop.run_until_complete
  File "uvloop/loop.pyx", line 1504, in uvloop.loop.Loop.run_until_complete
  File "uvloop/loop.pyx", line 1377, in uvloop.loop.Loop.run_forever
  File "uvloop/loop.pyx", line 555, in uvloop.loop.Loop._run
  File "uvloop/loop.pyx", line 474, in uvloop.loop.Loop._on_idle
  File "uvloop/cbhandles.pyx", line 83, in uvloop.loop.Handle._run
  File "uvloop/cbhandles.pyx", line 63, in uvloop.loop.Handle._run
  File "/home/asd/.pyenv/versions/3.11.9/lib/python3.11/site-packages/uvicorn/server.py", line 68, in serve
    with self.capture_signals():
  File "/home/asd/.pyenv/versions/3.11.9/lib/python3.11/contextlib.py", line 144, in __exit__
    next(self.gen)
  File "/home/asd/.pyenv/versions/3.11.9/lib/python3.11/site-packages/uvicorn/server.py", line 328, in capture_signals
    signal.raise_signal(captured_signal)
  File "/home/asd/.pyenv/versions/3.11.9/lib/python3.11/asyncio/runners.py", line 157, in _on_sigint
    raise KeyboardInterrupt()
KeyboardInterrupt

During handling of the above exception, another exception occurred:

Traceback (most recent call last):
  File "/home/asd/.pyenv/versions/3.11.9/lib/python3.11/site-packages/starlette/routing.py", line 739, in lifespan
    await receive()
  File "/home/asd/.pyenv/versions/3.11.9/lib/python3.11/site-packages/uvicorn/lifespan/on.py", line 137, in receive
    return await self.receive_queue.get()
           ^^^^^^^^^^^^^^^^^^^^^^^^^^^^^^
  File "/home/asd/.pyenv/versions/3.11.9/lib/python3.11/asyncio/queues.py", line 158, in get
    await getter
asyncio.exceptions.CancelledError

[32mINFO[0m:     [28-09-2024 00:07:27] Set chroma_server_nofile to 65535
[32mINFO[0m:     [28-09-2024 00:07:27] Anonymized telemetry enabled. See                     https://docs.trychroma.com/telemetry for more information.
[36mDEBUG[0m:    [28-09-2024 00:07:27] Starting component System
[36mDEBUG[0m:    [28-09-2024 00:07:27] Starting component OpenTelemetryClient
[36mDEBUG[0m:    [28-09-2024 00:07:27] Starting component SqliteDB
[36mDEBUG[0m:    [28-09-2024 00:07:27] Starting component QuotaEnforcer
[36mDEBUG[0m:    [28-09-2024 00:07:27] Starting component Posthog
[36mDEBUG[0m:    [28-09-2024 00:07:27] Starting component LocalSegmentManager
[36mDEBUG[0m:    [28-09-2024 00:07:27] Starting component SegmentAPI
[32mINFO[0m:     [28-09-2024 00:07:27] Started server process [[36m184114[0m]
[32mINFO[0m:     [28-09-2024 00:07:27] Waiting for application startup.
[32mINFO[0m:     [28-09-2024 00:07:27] Application startup complete.
[32mINFO[0m:     [28-09-2024 00:07:27] Uvicorn running on [1mhttp://localhost:7000[0m (Press CTRL+C to quit)
[32mINFO[0m:     [28-09-2024 00:07:41] 127.0.0.1:55506 - "GET /api/v1/tenants/default_tenant HTTP/1.1" 200
[32mINFO[0m:     [28-09-2024 00:07:41] 127.0.0.1:55506 - "GET /api/v1/databases/default_database?tenant=default_tenant HTTP/1.1" 200
[32mINFO[0m:     [28-09-2024 00:18:08] 127.0.0.1:41508 - "GET /api/v1/tenants/default_tenant HTTP/1.1" 200
[32mINFO[0m:     [28-09-2024 00:18:08] 127.0.0.1:41508 - "GET /api/v1/databases/default_database?tenant=default_tenant HTTP/1.1" 200
[32mINFO[0m:     [28-09-2024 00:18:32] 127.0.0.1:38464 - "GET /api/v1/tenants/default_tenant HTTP/1.1" 200
[32mINFO[0m:     [28-09-2024 00:18:32] 127.0.0.1:38464 - "GET /api/v1/databases/default_database?tenant=default_tenant HTTP/1.1" 200
[32mINFO[0m:     [28-09-2024 00:19:34] 127.0.0.1:51740 - "GET /api/v1/tenants/default_tenant HTTP/1.1" 200
[32mINFO[0m:     [28-09-2024 00:19:34] 127.0.0.1:51740 - "GET /api/v1/databases/default_database?tenant=default_tenant HTTP/1.1" 200
[32mINFO[0m:     [28-09-2024 00:19:35] 127.0.0.1:51742 - "GET /api/v1/tenants/default_tenant HTTP/1.1" 200
[32mINFO[0m:     [28-09-2024 00:19:35] 127.0.0.1:51742 - "GET /api/v1/databases/default_database?tenant=default_tenant HTTP/1.1" 200
[32mINFO[0m:     [28-09-2024 00:20:11] 127.0.0.1:51020 - "GET /api/v1/collections/user_testuser_example_com_vectors?tenant=default_tenant&database=default_database HTTP/1.1" 400
[32mINFO[0m:     [28-09-2024 00:20:51] 127.0.0.1:57894 - "GET /api/v1/collections/user_testuser_example_com_vectors?tenant=default_tenant&database=default_database HTTP/1.1" 400
[32mINFO[0m:     [28-09-2024 00:21:10] 127.0.0.1:46790 - "GET /api/v1/collections/user_testuser_example_com_vectors?tenant=default_tenant&database=default_database HTTP/1.1" 400
[32mINFO[0m:     [28-09-2024 00:21:31] 127.0.0.1:38968 - "GET /api/v1/collections/user_testuser_example_com_vectors?tenant=default_tenant&database=default_database HTTP/1.1" 400
[32mINFO[0m:     [28-09-2024 00:21:59] 127.0.0.1:51522 - "GET /api/v1/collections/user_testuser_example_com_vectors?tenant=default_tenant&database=default_database HTTP/1.1" 400
[32mINFO[0m:     [28-09-2024 00:23:20] 127.0.0.1:35700 - "GET /api/v1/tenants/default_tenant HTTP/1.1" 200
[32mINFO[0m:     [28-09-2024 00:23:20] 127.0.0.1:35700 - "GET /api/v1/databases/default_database?tenant=default_tenant HTTP/1.1" 200
[32mINFO[0m:     [28-09-2024 00:23:21] 127.0.0.1:35716 - "GET /api/v1/tenants/default_tenant HTTP/1.1" 200
[32mINFO[0m:     [28-09-2024 00:23:21] 127.0.0.1:35716 - "GET /api/v1/databases/default_database?tenant=default_tenant HTTP/1.1" 200
[32mINFO[0m:     [28-09-2024 00:23:52] 127.0.0.1:39118 - "GET /api/v1/collections/user_testuser_example_com_vectors?tenant=default_tenant&database=default_database HTTP/1.1" 400
[32mINFO[0m:     [28-09-2024 00:24:27] 127.0.0.1:46404 - "GET /api/v1/tenants/default_tenant HTTP/1.1" 200
[32mINFO[0m:     [28-09-2024 00:24:27] 127.0.0.1:46404 - "GET /api/v1/databases/default_database?tenant=default_tenant HTTP/1.1" 200
[32mINFO[0m:     [28-09-2024 00:24:29] 127.0.0.1:46420 - "GET /api/v1/tenants/default_tenant HTTP/1.1" 200
[32mINFO[0m:     [28-09-2024 00:24:29] 127.0.0.1:46420 - "GET /api/v1/databases/default_database?tenant=default_tenant HTTP/1.1" 200
[32mINFO[0m:     [28-09-2024 00:26:35] 127.0.0.1:52498 - "GET /api/v1/tenants/default_tenant HTTP/1.1" 200
[32mINFO[0m:     [28-09-2024 00:26:35] 127.0.0.1:52498 - "GET /api/v1/databases/default_database?tenant=default_tenant HTTP/1.1" 200
[32mINFO[0m:     [28-09-2024 00:26:37] 127.0.0.1:52504 - "GET /api/v1/tenants/default_tenant HTTP/1.1" 200
[32mINFO[0m:     [28-09-2024 00:26:37] 127.0.0.1:52504 - "GET /api/v1/databases/default_database?tenant=default_tenant HTTP/1.1" 200
[32mINFO[0m:     [28-09-2024 00:29:22] 127.0.0.1:39902 - "GET /api/v1/tenants/default_tenant HTTP/1.1" 200
[32mINFO[0m:     [28-09-2024 00:29:22] 127.0.0.1:39902 - "GET /api/v1/databases/default_database?tenant=default_tenant HTTP/1.1" 200
[32mINFO[0m:     [28-09-2024 00:29:23] 127.0.0.1:39910 - "GET /api/v1/tenants/default_tenant HTTP/1.1" 200
[32mINFO[0m:     [28-09-2024 00:29:23] 127.0.0.1:39910 - "GET /api/v1/databases/default_database?tenant=default_tenant HTTP/1.1" 200
[32mINFO[0m:     [28-09-2024 00:30:01] 127.0.0.1:44206 - "GET /api/v1/collections/user_testuser_example_com_vectors?tenant=default_tenant&database=default_database HTTP/1.1" 400
[32mINFO[0m:     [28-09-2024 00:30:17] 127.0.0.1:33760 - "GET /api/v1/collections/user_testuser_example_com_vectors?tenant=default_tenant&database=default_database HTTP/1.1" 400
[32mINFO[0m:     [28-09-2024 00:31:14] 127.0.0.1:52772 - "GET /api/v1/collections/user_testuser_example_com_vectors?tenant=default_tenant&database=default_database HTTP/1.1" 400
[32mINFO[0m:     [28-09-2024 00:34:30] 127.0.0.1:46066 - "GET /api/v1/tenants/default_tenant HTTP/1.1" 200
[32mINFO[0m:     [28-09-2024 00:34:30] 127.0.0.1:46066 - "GET /api/v1/databases/default_database?tenant=default_tenant HTTP/1.1" 200
[32mINFO[0m:     [28-09-2024 00:34:32] 127.0.0.1:46082 - "GET /api/v1/tenants/default_tenant HTTP/1.1" 200
[32mINFO[0m:     [28-09-2024 00:34:32] 127.0.0.1:46082 - "GET /api/v1/databases/default_database?tenant=default_tenant HTTP/1.1" 200
[32mINFO[0m:     [28-09-2024 00:35:06] 127.0.0.1:55664 - "POST /api/v1/collections?tenant=default_tenant&database=default_database HTTP/1.1" 200
[32mINFO[0m:     [28-09-2024 00:37:57] 127.0.0.1:37054 - "GET /api/v1/tenants/default_tenant HTTP/1.1" 200
[32mINFO[0m:     [28-09-2024 00:37:57] 127.0.0.1:37054 - "GET /api/v1/databases/default_database?tenant=default_tenant HTTP/1.1" 200
[32mINFO[0m:     [28-09-2024 00:38:28] 127.0.0.1:39678 - "GET /api/v1/tenants/default_tenant HTTP/1.1" 200
[32mINFO[0m:     [28-09-2024 00:38:28] 127.0.0.1:39678 - "GET /api/v1/databases/default_database?tenant=default_tenant HTTP/1.1" 200
[32mINFO[0m:     [28-09-2024 00:38:29] 127.0.0.1:39690 - "GET /api/v1/tenants/default_tenant HTTP/1.1" 200
[32mINFO[0m:     [28-09-2024 00:38:29] 127.0.0.1:39690 - "GET /api/v1/databases/default_database?tenant=default_tenant HTTP/1.1" 200
[36mDEBUG[0m:    [28-09-2024 00:38:55] Collection user_testuser_example_com_vectors already exists, returning existing collection.
[32mINFO[0m:     [28-09-2024 00:38:55] 127.0.0.1:48354 - "POST /api/v1/collections?tenant=default_tenant&database=default_database HTTP/1.1" 200
[36mDEBUG[0m:    [28-09-2024 00:39:37] Collection user_testuser_example_com_vectors already exists, returning existing collection.
[32mINFO[0m:     [28-09-2024 00:39:37] 127.0.0.1:56892 - "POST /api/v1/collections?tenant=default_tenant&database=default_database HTTP/1.1" 200
[32mINFO[0m:     [28-09-2024 00:39:52] 127.0.0.1:42782 - "GET /api/v1/tenants/default_tenant HTTP/1.1" 200
[32mINFO[0m:     [28-09-2024 00:39:52] 127.0.0.1:42782 - "GET /api/v1/databases/default_database?tenant=default_tenant HTTP/1.1" 200
[32mINFO[0m:     [28-09-2024 00:39:54] 127.0.0.1:40744 - "GET /api/v1/tenants/default_tenant HTTP/1.1" 200
[32mINFO[0m:     [28-09-2024 00:39:54] 127.0.0.1:40744 - "GET /api/v1/databases/default_database?tenant=default_tenant HTTP/1.1" 200
[36mDEBUG[0m:    [28-09-2024 00:40:21] Collection user_testuser_example_com_vectors already exists, returning existing collection.
[32mINFO[0m:     [28-09-2024 00:40:21] 127.0.0.1:34520 - "POST /api/v1/collections?tenant=default_tenant&database=default_database HTTP/1.1" 200
[32mINFO[0m:     [28-09-2024 00:42:01] 127.0.0.1:45452 - "GET /api/v1/tenants/default_tenant HTTP/1.1" 200
[32mINFO[0m:     [28-09-2024 00:42:01] 127.0.0.1:45452 - "GET /api/v1/databases/default_database?tenant=default_tenant HTTP/1.1" 200
[32mINFO[0m:     [28-09-2024 00:42:02] 127.0.0.1:45460 - "GET /api/v1/tenants/default_tenant HTTP/1.1" 200
[32mINFO[0m:     [28-09-2024 00:42:02] 127.0.0.1:45460 - "GET /api/v1/databases/default_database?tenant=default_tenant HTTP/1.1" 200
[36mDEBUG[0m:    [28-09-2024 00:42:41] Collection user_testuser_example_com_vectors already exists, returning existing collection.
[32mINFO[0m:     [28-09-2024 00:42:41] 127.0.0.1:40518 - "POST /api/v1/collections?tenant=default_tenant&database=default_database HTTP/1.1" 200
[32mINFO[0m:     [28-09-2024 00:44:56] 127.0.0.1:55874 - "GET /api/v1/tenants/default_tenant HTTP/1.1" 200
[32mINFO[0m:     [28-09-2024 00:44:56] 127.0.0.1:55874 - "GET /api/v1/databases/default_database?tenant=default_tenant HTTP/1.1" 200
[32mINFO[0m:     [28-09-2024 00:44:58] 127.0.0.1:55878 - "GET /api/v1/tenants/default_tenant HTTP/1.1" 200
[32mINFO[0m:     [28-09-2024 00:44:58] 127.0.0.1:55878 - "GET /api/v1/databases/default_database?tenant=default_tenant HTTP/1.1" 200
[36mDEBUG[0m:    [28-09-2024 00:45:11] Collection user_testuser_example_com_vectors already exists, returning existing collection.
[32mINFO[0m:     [28-09-2024 00:45:11] 127.0.0.1:57288 - "POST /api/v1/collections?tenant=default_tenant&database=default_database HTTP/1.1" 200
[32mINFO[0m:     [28-09-2024 00:45:54] 127.0.0.1:45338 - "GET /api/v1/tenants/default_tenant HTTP/1.1" 200
[32mINFO[0m:     [28-09-2024 00:45:55] 127.0.0.1:45338 - "GET /api/v1/databases/default_database?tenant=default_tenant HTTP/1.1" 200
[32mINFO[0m:     [28-09-2024 00:45:56] 127.0.0.1:45340 - "GET /api/v1/tenants/default_tenant HTTP/1.1" 200
[32mINFO[0m:     [28-09-2024 00:45:56] 127.0.0.1:45340 - "GET /api/v1/databases/default_database?tenant=default_tenant HTTP/1.1" 200
[36mDEBUG[0m:    [28-09-2024 00:46:06] Collection user_testuser_example_com_vectors already exists, returning existing collection.
[32mINFO[0m:     [28-09-2024 00:46:06] 127.0.0.1:41978 - "POST /api/v1/collections?tenant=default_tenant&database=default_database HTTP/1.1" 200
[32mINFO[0m:     [28-09-2024 00:47:00] 127.0.0.1:58638 - "GET /api/v1/tenants/default_tenant HTTP/1.1" 200
[32mINFO[0m:     [28-09-2024 00:47:00] 127.0.0.1:58638 - "GET /api/v1/databases/default_database?tenant=default_tenant HTTP/1.1" 200
[32mINFO[0m:     [28-09-2024 00:47:01] 127.0.0.1:58642 - "GET /api/v1/tenants/default_tenant HTTP/1.1" 200
[32mINFO[0m:     [28-09-2024 00:47:01] 127.0.0.1:58642 - "GET /api/v1/databases/default_database?tenant=default_tenant HTTP/1.1" 200
[36mDEBUG[0m:    [28-09-2024 00:47:16] Collection user_testuser_example_com_vectors already exists, returning existing collection.
[32mINFO[0m:     [28-09-2024 00:47:16] 127.0.0.1:58418 - "POST /api/v1/collections?tenant=default_tenant&database=default_database HTTP/1.1" 200
[32mINFO[0m:     [28-09-2024 00:48:13] 127.0.0.1:52882 - "GET /api/v1/tenants/default_tenant HTTP/1.1" 200
[32mINFO[0m:     [28-09-2024 00:48:13] 127.0.0.1:52882 - "GET /api/v1/databases/default_database?tenant=default_tenant HTTP/1.1" 200
[32mINFO[0m:     [28-09-2024 00:48:14] 127.0.0.1:54494 - "GET /api/v1/tenants/default_tenant HTTP/1.1" 200
[32mINFO[0m:     [28-09-2024 00:48:14] 127.0.0.1:54494 - "GET /api/v1/databases/default_database?tenant=default_tenant HTTP/1.1" 200
[36mDEBUG[0m:    [28-09-2024 00:48:21] Collection user_testuser_example_com_vectors already exists, returning existing collection.
[32mINFO[0m:     [28-09-2024 00:48:21] 127.0.0.1:54496 - "POST /api/v1/collections?tenant=default_tenant&database=default_database HTTP/1.1" 200
[32mINFO[0m:     [28-09-2024 00:50:29] 127.0.0.1:32942 - "GET /api/v1/tenants/default_tenant HTTP/1.1" 200
[32mINFO[0m:     [28-09-2024 00:50:29] 127.0.0.1:32942 - "GET /api/v1/databases/default_database?tenant=default_tenant HTTP/1.1" 200
[32mINFO[0m:     [28-09-2024 00:50:30] 127.0.0.1:32956 - "GET /api/v1/tenants/default_tenant HTTP/1.1" 200
[32mINFO[0m:     [28-09-2024 00:50:30] 127.0.0.1:32956 - "GET /api/v1/databases/default_database?tenant=default_tenant HTTP/1.1" 200
[36mDEBUG[0m:    [28-09-2024 00:50:47] Collection user_testuser_example_com_vectors already exists, returning existing collection.
[32mINFO[0m:     [28-09-2024 00:50:47] 127.0.0.1:44798 - "POST /api/v1/collections?tenant=default_tenant&database=default_database HTTP/1.1" 200
[32mINFO[0m:     [28-09-2024 01:31:00] 127.0.0.1:45686 - "GET /api/v1/tenants/default_tenant HTTP/1.1" 200
[32mINFO[0m:     [28-09-2024 01:31:00] 127.0.0.1:45686 - "GET /api/v1/databases/default_database?tenant=default_tenant HTTP/1.1" 200
[32mINFO[0m:     [28-09-2024 01:31:01] 127.0.0.1:45690 - "GET /api/v1/tenants/default_tenant HTTP/1.1" 200
[32mINFO[0m:     [28-09-2024 01:31:01] 127.0.0.1:45690 - "GET /api/v1/databases/default_database?tenant=default_tenant HTTP/1.1" 200
[32mINFO[0m:     [28-09-2024 01:31:14] 127.0.0.1:57354 - "GET /api/v1/collections/user_testuser_example_com_vectors?tenant=default_tenant&database=default_database HTTP/1.1" 200
[32mINFO[0m:     [28-09-2024 01:35:52] 127.0.0.1:52450 - "GET /api/v1/tenants/default_tenant HTTP/1.1" 200
[32mINFO[0m:     [28-09-2024 01:35:52] 127.0.0.1:52450 - "GET /api/v1/databases/default_database?tenant=default_tenant HTTP/1.1" 200
[32mINFO[0m:     [28-09-2024 01:35:54] 127.0.0.1:53626 - "GET /api/v1/tenants/default_tenant HTTP/1.1" 200
[32mINFO[0m:     [28-09-2024 01:35:54] 127.0.0.1:53626 - "GET /api/v1/databases/default_database?tenant=default_tenant HTTP/1.1" 200
[32mINFO[0m:     [28-09-2024 01:36:00] 127.0.0.1:53636 - "GET /api/v1/collections/user_testuser_example_com_vectors?tenant=default_tenant&database=default_database HTTP/1.1" 200
[32mINFO[0m:     [28-09-2024 01:39:07] 127.0.0.1:45082 - "GET /api/v1/tenants/default_tenant HTTP/1.1" 200
[32mINFO[0m:     [28-09-2024 01:39:07] 127.0.0.1:45082 - "GET /api/v1/databases/default_database?tenant=default_tenant HTTP/1.1" 200
[32mINFO[0m:     [28-09-2024 01:39:08] 127.0.0.1:45096 - "GET /api/v1/tenants/default_tenant HTTP/1.1" 200
[32mINFO[0m:     [28-09-2024 01:39:08] 127.0.0.1:45096 - "GET /api/v1/databases/default_database?tenant=default_tenant HTTP/1.1" 200
[32mINFO[0m:     [28-09-2024 01:39:19] 127.0.0.1:51304 - "GET /api/v1/collections/user_testuser_example_com_vectors?tenant=default_tenant&database=default_database HTTP/1.1" 200
[32mINFO[0m:     [28-09-2024 01:39:43] 127.0.0.1:49878 - "GET /api/v1/tenants/default_tenant HTTP/1.1" 200
[32mINFO[0m:     [28-09-2024 01:39:43] 127.0.0.1:49878 - "GET /api/v1/databases/default_database?tenant=default_tenant HTTP/1.1" 200
[32mINFO[0m:     [28-09-2024 01:39:45] 127.0.0.1:49894 - "GET /api/v1/tenants/default_tenant HTTP/1.1" 200
[32mINFO[0m:     [28-09-2024 01:39:45] 127.0.0.1:49894 - "GET /api/v1/databases/default_database?tenant=default_tenant HTTP/1.1" 200
[32mINFO[0m:     [28-09-2024 01:39:55] 127.0.0.1:58632 - "GET /api/v1/collections/user_testuser_example_com_vectors?tenant=default_tenant&database=default_database HTTP/1.1" 200
[32mINFO[0m:     [28-09-2024 01:41:53] 127.0.0.1:38948 - "GET /api/v1/tenants/default_tenant HTTP/1.1" 200
[32mINFO[0m:     [28-09-2024 01:41:54] 127.0.0.1:38948 - "GET /api/v1/databases/default_database?tenant=default_tenant HTTP/1.1" 200
[32mINFO[0m:     [28-09-2024 01:41:55] 127.0.0.1:38950 - "GET /api/v1/tenants/default_tenant HTTP/1.1" 200
[32mINFO[0m:     [28-09-2024 01:41:55] 127.0.0.1:38950 - "GET /api/v1/databases/default_database?tenant=default_tenant HTTP/1.1" 200
[32mINFO[0m:     [28-09-2024 01:42:06] 127.0.0.1:46748 - "GET /api/v1/collections/user_testuser_example_com_vectors?tenant=default_tenant&database=default_database HTTP/1.1" 200
[32mINFO[0m:     [28-09-2024 01:43:13] 127.0.0.1:44864 - "GET /api/v1/tenants/default_tenant HTTP/1.1" 200
[32mINFO[0m:     [28-09-2024 01:43:13] 127.0.0.1:44864 - "GET /api/v1/databases/default_database?tenant=default_tenant HTTP/1.1" 200
[32mINFO[0m:     [28-09-2024 01:43:15] 127.0.0.1:44868 - "GET /api/v1/tenants/default_tenant HTTP/1.1" 200
[32mINFO[0m:     [28-09-2024 01:43:15] 127.0.0.1:44868 - "GET /api/v1/databases/default_database?tenant=default_tenant HTTP/1.1" 200
[32mINFO[0m:     [28-09-2024 01:43:30] 127.0.0.1:46380 - "GET /api/v1/collections/user_testuser_example_com_vectors?tenant=default_tenant&database=default_database HTTP/1.1" 200
[32mINFO[0m:     [28-09-2024 01:44:10] 127.0.0.1:33342 - "GET /api/v1/tenants/default_tenant HTTP/1.1" 200
[32mINFO[0m:     [28-09-2024 01:44:10] 127.0.0.1:33342 - "GET /api/v1/databases/default_database?tenant=default_tenant HTTP/1.1" 200
[32mINFO[0m:     [28-09-2024 01:44:11] 127.0.0.1:33344 - "GET /api/v1/tenants/default_tenant HTTP/1.1" 200
[32mINFO[0m:     [28-09-2024 01:44:11] 127.0.0.1:33344 - "GET /api/v1/databases/default_database?tenant=default_tenant HTTP/1.1" 200
[32mINFO[0m:     [28-09-2024 01:44:29] 127.0.0.1:51862 - "GET /api/v1/collections/user_testuser_example_com_vectors?tenant=default_tenant&database=default_database HTTP/1.1" 200
[32mINFO[0m:     [28-09-2024 01:46:54] 127.0.0.1:55452 - "GET /api/v1/tenants/default_tenant HTTP/1.1" 200
[32mINFO[0m:     [28-09-2024 01:46:54] 127.0.0.1:55452 - "GET /api/v1/databases/default_database?tenant=default_tenant HTTP/1.1" 200
[32mINFO[0m:     [28-09-2024 01:47:28] 127.0.0.1:36296 - "GET /api/v1/tenants/default_tenant HTTP/1.1" 200
[32mINFO[0m:     [28-09-2024 01:47:28] 127.0.0.1:36296 - "GET /api/v1/databases/default_database?tenant=default_tenant HTTP/1.1" 200
[32mINFO[0m:     [28-09-2024 01:47:29] 127.0.0.1:36302 - "GET /api/v1/tenants/default_tenant HTTP/1.1" 200
[32mINFO[0m:     [28-09-2024 01:47:29] 127.0.0.1:36302 - "GET /api/v1/databases/default_database?tenant=default_tenant HTTP/1.1" 200
[36mDEBUG[0m:    [28-09-2024 01:47:43] Collection user_testuser_example_com_vectors already exists, returning existing collection.
[32mINFO[0m:     [28-09-2024 01:47:43] 127.0.0.1:34696 - "POST /api/v1/collections?tenant=default_tenant&database=default_database HTTP/1.1" 200
[36mDEBUG[0m:    [28-09-2024 01:48:03] Collection user_testuser_example_com_vectors already exists, returning existing collection.
[32mINFO[0m:     [28-09-2024 01:48:03] 127.0.0.1:51040 - "POST /api/v1/collections?tenant=default_tenant&database=default_database HTTP/1.1" 200
[32mINFO[0m:     [28-09-2024 01:50:06] 127.0.0.1:57652 - "GET /api/v1/tenants/default_tenant HTTP/1.1" 200
[32mINFO[0m:     [28-09-2024 01:50:06] 127.0.0.1:57652 - "GET /api/v1/databases/default_database?tenant=default_tenant HTTP/1.1" 200
[32mINFO[0m:     [28-09-2024 01:50:08] 127.0.0.1:57654 - "GET /api/v1/tenants/default_tenant HTTP/1.1" 200
[32mINFO[0m:     [28-09-2024 01:50:08] 127.0.0.1:57654 - "GET /api/v1/databases/default_database?tenant=default_tenant HTTP/1.1" 200
[36mDEBUG[0m:    [28-09-2024 01:50:17] Collection user_testuser_example_com_vectors already exists, returning existing collection.
[32mINFO[0m:     [28-09-2024 01:50:17] 127.0.0.1:39524 - "POST /api/v1/collections?tenant=default_tenant&database=default_database HTTP/1.1" 200
[32mINFO[0m:     [28-09-2024 01:50:56] 127.0.0.1:53422 - "GET /api/v1/tenants/default_tenant HTTP/1.1" 200
[32mINFO[0m:     [28-09-2024 01:50:56] 127.0.0.1:53422 - "GET /api/v1/databases/default_database?tenant=default_tenant HTTP/1.1" 200
[32mINFO[0m:     [28-09-2024 01:50:57] 127.0.0.1:53428 - "GET /api/v1/tenants/default_tenant HTTP/1.1" 200
[32mINFO[0m:     [28-09-2024 01:50:57] 127.0.0.1:53428 - "GET /api/v1/databases/default_database?tenant=default_tenant HTTP/1.1" 200
[36mDEBUG[0m:    [28-09-2024 01:51:06] Collection user_testuser_example_com_vectors already exists, returning existing collection.
[32mINFO[0m:     [28-09-2024 01:51:06] 127.0.0.1:39370 - "POST /api/v1/collections?tenant=default_tenant&database=default_database HTTP/1.1" 200
[32mINFO[0m:     [28-09-2024 01:53:17] 127.0.0.1:58598 - "GET /api/v1/tenants/default_tenant HTTP/1.1" 200
[32mINFO[0m:     [28-09-2024 01:53:17] 127.0.0.1:58598 - "GET /api/v1/databases/default_database?tenant=default_tenant HTTP/1.1" 200
[32mINFO[0m:     [28-09-2024 01:53:18] 127.0.0.1:58606 - "GET /api/v1/tenants/default_tenant HTTP/1.1" 200
[32mINFO[0m:     [28-09-2024 01:53:18] 127.0.0.1:58606 - "GET /api/v1/databases/default_database?tenant=default_tenant HTTP/1.1" 200
[36mDEBUG[0m:    [28-09-2024 01:53:24] Collection user_testuser_example_com_vectors already exists, returning existing collection.
[32mINFO[0m:     [28-09-2024 01:53:24] 127.0.0.1:54700 - "POST /api/v1/collections?tenant=default_tenant&database=default_database HTTP/1.1" 200
[32mINFO[0m:     [28-09-2024 01:57:22] 127.0.0.1:35964 - "GET /api/v1/tenants/default_tenant HTTP/1.1" 200
[32mINFO[0m:     [28-09-2024 01:57:22] 127.0.0.1:35964 - "GET /api/v1/databases/default_database?tenant=default_tenant HTTP/1.1" 200
[32mINFO[0m:     [28-09-2024 01:57:23] 127.0.0.1:53172 - "GET /api/v1/tenants/default_tenant HTTP/1.1" 200
[32mINFO[0m:     [28-09-2024 01:57:23] 127.0.0.1:53172 - "GET /api/v1/databases/default_database?tenant=default_tenant HTTP/1.1" 200
[36mDEBUG[0m:    [28-09-2024 01:57:33] Collection user_testuser_example_com_vectors already exists, returning existing collection.
[32mINFO[0m:     [28-09-2024 01:57:33] 127.0.0.1:53186 - "POST /api/v1/collections?tenant=default_tenant&database=default_database HTTP/1.1" 200
[32mINFO[0m:     [28-09-2024 02:22:05] Shutting down
[32mINFO[0m:     [28-09-2024 02:22:05] Finished server process [[36m184114[0m]
[36mDEBUG[0m:    [28-09-2024 02:22:05] Stopping component System
[36mDEBUG[0m:    [28-09-2024 02:22:05] Stopping component SegmentAPI
[36mDEBUG[0m:    [28-09-2024 02:22:05] Stopping component LocalSegmentManager
[36mDEBUG[0m:    [28-09-2024 02:22:05] Stopping component Posthog
[36mDEBUG[0m:    [28-09-2024 02:22:05] Stopping component QuotaEnforcer
[36mDEBUG[0m:    [28-09-2024 02:22:05] Stopping component SqliteDB
[36mDEBUG[0m:    [28-09-2024 02:22:05] Stopping component OpenTelemetryClient
[31mERROR[0m:    [28-09-2024 02:22:05] Traceback (most recent call last):
  File "/home/asd/.pyenv/versions/3.11.9/lib/python3.11/asyncio/runners.py", line 190, in run
    return runner.run(main)
           ^^^^^^^^^^^^^^^^
  File "/home/asd/.pyenv/versions/3.11.9/lib/python3.11/asyncio/runners.py", line 118, in run
    return self._loop.run_until_complete(task)
           ^^^^^^^^^^^^^^^^^^^^^^^^^^^^^^^^^^^
  File "uvloop/loop.pyx", line 1511, in uvloop.loop.Loop.run_until_complete
  File "uvloop/loop.pyx", line 1504, in uvloop.loop.Loop.run_until_complete
  File "uvloop/loop.pyx", line 1377, in uvloop.loop.Loop.run_forever
  File "uvloop/loop.pyx", line 555, in uvloop.loop.Loop._run
  File "uvloop/loop.pyx", line 474, in uvloop.loop.Loop._on_idle
  File "uvloop/cbhandles.pyx", line 83, in uvloop.loop.Handle._run
  File "uvloop/cbhandles.pyx", line 63, in uvloop.loop.Handle._run
  File "/home/asd/.pyenv/versions/3.11.9/lib/python3.11/site-packages/uvicorn/server.py", line 68, in serve
    with self.capture_signals():
  File "/home/asd/.pyenv/versions/3.11.9/lib/python3.11/contextlib.py", line 144, in __exit__
    next(self.gen)
  File "/home/asd/.pyenv/versions/3.11.9/lib/python3.11/site-packages/uvicorn/server.py", line 328, in capture_signals
    signal.raise_signal(captured_signal)
  File "/home/asd/.pyenv/versions/3.11.9/lib/python3.11/asyncio/runners.py", line 157, in _on_sigint
    raise KeyboardInterrupt()
KeyboardInterrupt

During handling of the above exception, another exception occurred:

Traceback (most recent call last):
  File "/home/asd/.pyenv/versions/3.11.9/lib/python3.11/site-packages/starlette/routing.py", line 739, in lifespan
    await receive()
  File "/home/asd/.pyenv/versions/3.11.9/lib/python3.11/site-packages/uvicorn/lifespan/on.py", line 137, in receive
    return await self.receive_queue.get()
           ^^^^^^^^^^^^^^^^^^^^^^^^^^^^^^
  File "/home/asd/.pyenv/versions/3.11.9/lib/python3.11/asyncio/queues.py", line 158, in get
    await getter
asyncio.exceptions.CancelledError

